<?xml version="1.0" encoding="UTF-8"?>
<testsuite xmlns:xsi="http://www.w3.org/2001/XMLSchema-instance" xsi:noNamespaceSchemaLocation="https://maven.apache.org/surefire/maven-surefire-plugin/xsd/surefire-test-report-3.0.xsd" version="3.0" name="TestSuite" time="5.101" tests="2" errors="0" skipped="1" failures="1">
  <properties>
[...]
</properties>
  <testcase name="beforeTest[New Build, Android, 9.0, Samsung Galaxy S10 Plus, 10000, AccountTest, androidOnly, androidOnly, CICD, AutomationTest](0)" classname="com.qa.tests.Account" time="4.399">
    <failure message="Unable to create a new remote session. Please check the server log for more details. Original error: [browserstack.local] is set to true but local testing through BrowserStack is not connected. To resolve the issue or to get more info visit - https://www.browserstack.com/question/779 (WARNING: The server did not provide any stacktrace information)&#10;Command duration or timeout: 2.52 seconds&#10;Build info: version: &apos;3.141.59&apos;, revision: &apos;e82be7d358&apos;, time: &apos;2018-11-14T08:17:03&apos;&#10;System info: host: &apos;MacBook-Pro-de-maher.local&apos;, ip: &apos;fe80:0:0:0:ca7:8622:d590:88ac%en0&apos;, os.name: &apos;Mac OS X&apos;, os.arch: &apos;x86_64&apos;, os.version: &apos;12.0.1&apos;, java.version: &apos;17.0.1&apos;&#10;Driver info: driver.version: AndroidDriver&#10;Build info: version: &apos;3.141.59&apos;, revision: &apos;e82be7d358&apos;, time: &apos;2018-11-14T08:17:03&apos;&#10;System info: host: &apos;MacBook-Pro-de-maher.local&apos;, ip: &apos;fe80:0:0:0:ca7:8622:d590:88ac%en0&apos;, os.name: &apos;Mac OS X&apos;, os.arch: &apos;x86_64&apos;, os.version: &apos;12.0.1&apos;, java.version: &apos;17.0.1&apos;&#10;Driver info: driver.version: AndroidDriver" type="org.openqa.selenium.SessionNotCreatedException"><![CDATA[org.openqa.selenium.SessionNotCreatedException: 
Unable to create a new remote session. Please check the server log for more details. Original error: [browserstack.local] is set to true but local testing through BrowserStack is not connected. To resolve the issue or to get more info visit - https://www.browserstack.com/question/779 (WARNING: The server did not provide any stacktrace information)
Command duration or timeout: 2.52 seconds
Build info: version: '3.141.59', revision: 'e82be7d358', time: '2018-11-14T08:17:03'
System info: host: 'MacBook-Pro-de-maher.local', ip: 'fe80:0:0:0:ca7:8622:d590:88ac%en0', os.name: 'Mac OS X', os.arch: 'x86_64', os.version: '12.0.1', java.version: '17.0.1'
Driver info: driver.version: AndroidDriver
Build info: version: '3.141.59', revision: 'e82be7d358', time: '2018-11-14T08:17:03'
System info: host: 'MacBook-Pro-de-maher.local', ip: 'fe80:0:0:0:ca7:8622:d590:88ac%en0', os.name: 'Mac OS X', os.arch: 'x86_64', os.version: '12.0.1', java.version: '17.0.1'
Driver info: driver.version: AndroidDriver
Caused by: java.lang.reflect.InvocationTargetException
Caused by: org.openqa.selenium.WebDriverException: 
[browserstack.local] is set to true but local testing through BrowserStack is not connected. To resolve the issue or to get more info visit - https://www.browserstack.com/question/779 (WARNING: The server did not provide any stacktrace information)
Command duration or timeout: 2.52 seconds
Build info: version: '3.141.59', revision: 'e82be7d358', time: '2018-11-14T08:17:03'
System info: host: 'MacBook-Pro-de-maher.local', ip: 'fe80:0:0:0:ca7:8622:d590:88ac%en0', os.name: 'Mac OS X', os.arch: 'x86_64', os.version: '12.0.1', java.version: '17.0.1'
Driver info: driver.version: AndroidDriver
]]></failure>
    <system-out><![CDATA[[INFO ] 2022-06-20 15:14:28.672 com.qa.BaseTest:125 - Appium server started
[INFO ] 2022-06-20 15:14:28.732 com.qa.BaseTest:194 - log path: logs/Android_Samsung Galaxy S10 Plus
[INFO ] 2022-06-20 15:14:28.738 com.qa.BaseTest:201 - load config.properties
[INFO ] 2022-06-20 15:14:28.742 com.qa.BaseTest:206 - load strings/strings.xml
[FATAL] 2022-06-20 15:14:31.802 com.qa.BaseTest:250 - driver initialization failure. ABORT!!!
org.openqa.selenium.SessionNotCreatedException: Unable to create a new remote session. Please check the server log for more details. Original error: [browserstack.local] is set to true but local testing through BrowserStack is not connected. To resolve the issue or to get more info visit - https://www.browserstack.com/question/779 (WARNING: The server did not provide any stacktrace information)
Command duration or timeout: 2.52 seconds
Build info: version: '3.141.59', revision: 'e82be7d358', time: '2018-11-14T08:17:03'
System info: host: 'MacBook-Pro-de-maher.local', ip: 'fe80:0:0:0:ca7:8622:d590:88ac%en0', os.name: 'Mac OS X', os.arch: 'x86_64', os.version: '12.0.1', java.version: '17.0.1'
Driver info: driver.version: AndroidDriver
Build info: version: '3.141.59', revision: 'e82be7d358', time: '2018-11-14T08:17:03'
System info: host: 'MacBook-Pro-de-maher.local', ip: 'fe80:0:0:0:ca7:8622:d590:88ac%en0', os.name: 'Mac OS X', os.arch: 'x86_64', os.version: '12.0.1', java.version: '17.0.1'
Driver info: driver.version: AndroidDriver
]]></system-out>
  </testcase>
  <testcase name="beforeMethod" classname="com.qa.tests.Account" time="0">
    <skipped/>
  </testcase>
</testsuite>